Determining if the pthread_create exist failed with the following output:
Change Dir: /home/ckingkan/Documents/bin_picking_data/3D Pipe file/virtual_scanner/build/CMakeFiles/CMakeTmp

Run Build Command:"/usr/bin/make" "cmTC_5ad1e/fast"
/usr/bin/make -f CMakeFiles/cmTC_5ad1e.dir/build.make CMakeFiles/cmTC_5ad1e.dir/build
make[1]: Entering directory '/home/ckingkan/Documents/bin_picking_data/3D Pipe file/virtual_scanner/build/CMakeFiles/CMakeTmp'
Building C object CMakeFiles/cmTC_5ad1e.dir/CheckSymbolExists.c.o
/usr/bin/cc    -o CMakeFiles/cmTC_5ad1e.dir/CheckSymbolExists.c.o   -c "/home/ckingkan/Documents/bin_picking_data/3D Pipe file/virtual_scanner/build/CMakeFiles/CMakeTmp/CheckSymbolExists.c"
Linking C executable cmTC_5ad1e
/usr/bin/cmake -E cmake_link_script CMakeFiles/cmTC_5ad1e.dir/link.txt --verbose=1
/usr/bin/cc      -rdynamic CMakeFiles/cmTC_5ad1e.dir/CheckSymbolExists.c.o  -o cmTC_5ad1e 
CMakeFiles/cmTC_5ad1e.dir/CheckSymbolExists.c.o: In function `main':
CheckSymbolExists.c:(.text+0x1b): undefined reference to `pthread_create'
collect2: error: ld returned 1 exit status
CMakeFiles/cmTC_5ad1e.dir/build.make:97: recipe for target 'cmTC_5ad1e' failed
make[1]: *** [cmTC_5ad1e] Error 1
make[1]: Leaving directory '/home/ckingkan/Documents/bin_picking_data/3D Pipe file/virtual_scanner/build/CMakeFiles/CMakeTmp'
Makefile:126: recipe for target 'cmTC_5ad1e/fast' failed
make: *** [cmTC_5ad1e/fast] Error 2

File /home/ckingkan/Documents/bin_picking_data/3D Pipe file/virtual_scanner/build/CMakeFiles/CMakeTmp/CheckSymbolExists.c:
/* */
#include <pthread.h>

int main(int argc, char** argv)
{
  (void)argv;
#ifndef pthread_create
  return ((int*)(&pthread_create))[argc];
#else
  (void)argc;
  return 0;
#endif
}

Determining if the function pthread_create exists in the pthreads failed with the following output:
Change Dir: /home/ckingkan/Documents/bin_picking_data/3D Pipe file/virtual_scanner/build/CMakeFiles/CMakeTmp

Run Build Command:"/usr/bin/make" "cmTC_75d6a/fast"
/usr/bin/make -f CMakeFiles/cmTC_75d6a.dir/build.make CMakeFiles/cmTC_75d6a.dir/build
make[1]: Entering directory '/home/ckingkan/Documents/bin_picking_data/3D Pipe file/virtual_scanner/build/CMakeFiles/CMakeTmp'
Building C object CMakeFiles/cmTC_75d6a.dir/CheckFunctionExists.c.o
/usr/bin/cc   -DCHECK_FUNCTION_EXISTS=pthread_create   -o CMakeFiles/cmTC_75d6a.dir/CheckFunctionExists.c.o   -c /usr/share/cmake-3.10/Modules/CheckFunctionExists.c
Linking C executable cmTC_75d6a
/usr/bin/cmake -E cmake_link_script CMakeFiles/cmTC_75d6a.dir/link.txt --verbose=1
/usr/bin/cc  -DCHECK_FUNCTION_EXISTS=pthread_create    -rdynamic CMakeFiles/cmTC_75d6a.dir/CheckFunctionExists.c.o  -o cmTC_75d6a -lpthreads 
/usr/bin/ld: cannot find -lpthreads
collect2: error: ld returned 1 exit status
CMakeFiles/cmTC_75d6a.dir/build.make:97: recipe for target 'cmTC_75d6a' failed
make[1]: *** [cmTC_75d6a] Error 1
make[1]: Leaving directory '/home/ckingkan/Documents/bin_picking_data/3D Pipe file/virtual_scanner/build/CMakeFiles/CMakeTmp'
Makefile:126: recipe for target 'cmTC_75d6a/fast' failed
make: *** [cmTC_75d6a/fast] Error 2


